<?xml version="1.0" encoding="UTF-8"?>
<!-- Generated by org.testng.reporters.JUnitReportReporter -->
<testsuite hostname="CherryBlossom" failures="0" tests="1" name="tests.GoogleSearchTest" time="5.776" errors="0" timestamp="2023-04-02T20:33:39 IST" skipped="0">
  <testcase classname="tests.GoogleSearchTest" name="googleSearchTest" time="5.776"/>
  <system-out/>
</testsuite> <!-- tests.GoogleSearchTest -->
