<?xml version="1.0" encoding="UTF-8"?>
<!-- Generated by org.testng.reporters.JUnitReportReporter -->
<testsuite hostname="CherryBlossom" failures="0" tests="3" name="utils.ExcelDataProvider" time="38.510" errors="0" timestamp="2023-04-02T20:36:50 IST" skipped="0">
  <testcase classname="utils.ExcelDataProvider" name="test" time="6.754"/>
  <system-out/>
  <testcase classname="utils.ExcelDataProvider" name="test" time="6.698"/>
  <system-out/>
  <testcase classname="utils.ExcelDataProvider" name="test" time="25.058"/>
  <system-out/>
</testsuite> <!-- utils.ExcelDataProvider -->
